{"level":"info","message":{"address":{"address":"::","family":"IPv6","port":38537}}}
{"message":"[object Object] ready","level":"info"}
{"message":"[object Object] ready","level":"info"}
{"message":"ready","level":"info"}
{"message":"ready","level":"info"}
{"message":"ready on port 2031","level":"info"}
{"message":"ready on port 2031","level":"info"}
{"message":"ready on port 2031","level":"info"}
{"message":"ready on port 2031","level":"info"}
{"message":"ready on port 2031","level":"info"}
{"message":"ready on port 2031","level":"info"}
{"message":"ready on port 2031","level":"info"}
{"message":"ready on port 2031","level":"info"}
{"message":"ready on port 2031","level":"info"}
{"message":"ready on port 2031","level":"info"}
{"message":"ready on port 2031","level":"info"}
{"message":"ready on port 2031","level":"info"}
{"message":"ready on port 2031","level":"info"}
{"message":"ready on port 2031","level":"info"}
{"message":"ready on port 2031","level":"info"}
{"message":"ready on port 2031","level":"info"}
{"message":"ready on port 2031","level":"info"}
{"message":"ready on port 2031","level":"info"}
{"message":"ready on port 2031","level":"info"}
{"message":"ready on port 2031","level":"info"}
{"message":"ready on port 2031","level":"info"}
{"message":"ready on port 2031","level":"info"}
{"message":"ready on port 2031","level":"info"}
{"message":"ready on port 2031","level":"info"}
{"message":"ready on port 2031","level":"info"}
{"message":"ready on port 2031","level":"info"}
{"message":"ready on port 2031","level":"info"}
{"message":"ready on port 2031","level":"info"}
{"message":"ready on port 2031","level":"info"}
{"message":"ready on port 2031","level":"info"}
{"message":"ready on port 2031","level":"info"}
{"message":"ready on port 2031","level":"info"}
{"message":"ready on port 2031","level":"info"}
{"message":"ready on port 2031","level":"info"}
{"message":"button pushed is true","level":"info"}
{"message":"button pushed is true","level":"info"}
{"message":"ready on port 2031","level":"info"}
{"message":"ready on port 2031","level":"info"}
{"message":"ready on port 2031","level":"info"}
{"message":"ready on port 2031","level":"info"}
{"message":"ready on port 2031","level":"info"}
{"message":"ready on port 2031","level":"info"}
{"message":"ready on port 2031","level":"info"}
{"message":"ready on port 2031","level":"info"}
{"message":"ready on port 2031","level":"info"}
{"message":"ready on port 2031","level":"info"}
